[INFO ] 2021-09-23 09:53:40,834 [main]  com.oltpbenchmark.DBWorkload main - ======================================================================

Benchmark:     TATP {com.oltpbenchmark.benchmarks.tatp.TATPBenchmark}
Configuration: /home/wanshenl/config/benchbase/postgres/sample_tatp_config.xml
Type:          POSTGRES
Driver:        org.postgresql.Driver
URL:           jdbc:postgresql://localhost:15721/noisepage?preferQueryMode=extended&sslmode=disable
Isolation:     TRANSACTION_READ_COMMITTED
Scale Factor:  10.0

[INFO ] 2021-09-23 09:53:40,835 [main]  com.oltpbenchmark.DBWorkload main - ======================================================================
[INFO ] 2021-09-23 09:53:41,212 [main]  com.oltpbenchmark.DBWorkload runWorkload - Creating 10 virtual terminals...
[INFO ] 2021-09-23 09:53:41,292 [main]  com.oltpbenchmark.DBWorkload runWorkload - Launching the TATP Benchmark with 1 Phase...
[INFO ] 2021-09-23 09:53:41,306 [main]  com.oltpbenchmark.ThreadBench runRateLimitedMultiPhase - [0;1mPHASE START[0;0m :: [Workload=TATP] [Serial=false] [Time=180] [WarmupTime=0] [Rate=unlimited] [Arrival=REGULAR] [Ratios=[2.0, 35.0, 10.0, 35.0, 2.0, 14.0, 2.0]] [ActiveWorkers=10]
[INFO ] 2021-09-23 09:53:42,303 [main]  com.oltpbenchmark.ThreadBench runRateLimitedMultiPhase - [0;1mMEASURE[0;0m :: Warmup complete, starting measurements.
[INFO ] 2021-09-23 09:56:42,304 [main]  com.oltpbenchmark.ThreadBench runRateLimitedMultiPhase - [0;1mTERMINATE[0;0m :: Waiting for all terminals to finish ..
[INFO ] 2021-09-23 09:56:42,309 [Thread-10]  com.oltpbenchmark.ThreadBench run - Starting WatchDogThread
[INFO ] 2021-09-23 09:56:45,503 [main]  com.oltpbenchmark.DBWorkload runWorkload - ======================================================================
[INFO ] 2021-09-23 09:56:45,510 [main]  com.oltpbenchmark.DBWorkload runWorkload - Rate limited reqs/s: Results(nanoSeconds=180000693459, measuredRequests=14666694) = 81481.3194224762 requests/sec
[INFO ] 2021-09-23 09:56:45,662 [main]  com.oltpbenchmark.DBWorkload writeOutputs - Output Raw data into file: tatp_2021-09-23_09-56-45.raw.csv
[INFO ] 2021-09-23 09:57:02,313 [Thread-10]  com.oltpbenchmark.ThreadBench run - Worker Thread Status:
TATPWorker<000>: false
TATPWorker<001>: false
TATPWorker<002>: false
TATPWorker<003>: false
TATPWorker<004>: false
TATPWorker<005>: false
TATPWorker<006>: false
TATPWorker<007>: false
TATPWorker<008>: false
TATPWorker<009>: false

[INFO ] 2021-09-23 09:57:22,314 [Thread-10]  com.oltpbenchmark.ThreadBench run - Worker Thread Status:
TATPWorker<000>: false
TATPWorker<001>: false
TATPWorker<002>: false
TATPWorker<003>: false
TATPWorker<004>: false
TATPWorker<005>: false
TATPWorker<006>: false
TATPWorker<007>: false
TATPWorker<008>: false
TATPWorker<009>: false

[INFO ] 2021-09-23 09:57:34,038 [main]  com.oltpbenchmark.DBWorkload writeOutputs - Output samples into file: tatp_2021-09-23_09-56-45.samples.csv
[INFO ] 2021-09-23 09:57:34,940 [main]  com.oltpbenchmark.DBWorkload writeOutputs - Output summary data into file: tatp_2021-09-23_09-56-45.summary.json
[INFO ] 2021-09-23 09:57:34,947 [main]  com.oltpbenchmark.DBWorkload writeOutputs - Output DBMS parameters into file: tatp_2021-09-23_09-56-45.params.json
[INFO ] 2021-09-23 09:57:34,955 [main]  com.oltpbenchmark.DBWorkload writeOutputs - Output DBMS metrics into file: tatp_2021-09-23_09-56-45.metrics.json
[INFO ] 2021-09-23 09:57:34,964 [main]  com.oltpbenchmark.DBWorkload writeOutputs - Output benchmark config into file: tatp_2021-09-23_09-56-45.config.xml
[INFO ] 2021-09-23 09:57:35,003 [main]  com.oltpbenchmark.DBWorkload writeOutputs - Output results into file: tatp_2021-09-23_09-56-45.results.csv with window size 5
[INFO ] 2021-09-23 09:57:37,746 [main]  com.oltpbenchmark.DBWorkload writeHistograms - ======================================================================
[INFO ] 2021-09-23 09:57:37,746 [main]  com.oltpbenchmark.DBWorkload writeHistograms - Workload Histograms:

[0;1mCompleted Transactions:[0;0m
com.oltpbenchmark.benchmarks.tatp.procedures.DeleteCallForwarding/01             [  62236] 
com.oltpbenchmark.benchmarks.tatp.procedures.GetAccessData/02                    [5155814] ********************************************************************************
com.oltpbenchmark.benchmarks.tatp.procedures.GetNewDestination/03                [1471411] **********************
com.oltpbenchmark.benchmarks.tatp.procedures.GetSubscriberData/04                [5154437] *******************************************************************************
com.oltpbenchmark.benchmarks.tatp.procedures.InsertCallForwarding/05             [ 121913] *
com.oltpbenchmark.benchmarks.tatp.procedures.UpdateLocation/06                   [2062467] ********************************
com.oltpbenchmark.benchmarks.tatp.procedures.UpdateSubscriberData/07             [ 110124] *

[0;1mAborted Transactions:[0;0m
com.oltpbenchmark.benchmarks.tatp.procedures.DeleteCallForwarding/01             [232632] ********************************************************************************
com.oltpbenchmark.benchmarks.tatp.procedures.InsertCallForwarding/05             [172580] ***********************************************************
com.oltpbenchmark.benchmarks.tatp.procedures.UpdateSubscriberData/07             [183949] ***************************************************************

[0;1mRejected Transactions (Server Retry):[0;0m
<EMPTY>

[0;1mRejected Transactions (Retry Different):[0;0m
<EMPTY>

[0;1mUnexpected SQL Errors:[0;0m
<EMPTY>

[0;1mUnknown Status Transactions:[0;0m
<EMPTY>


[INFO ] 2021-09-23 09:57:37,746 [main]  com.oltpbenchmark.DBWorkload writeHistograms - ======================================================================
