[INFO ] 2021-09-23 10:03:24,365 [main]  com.oltpbenchmark.DBWorkload main - ======================================================================

Benchmark:     TPCC {com.oltpbenchmark.benchmarks.tpcc.TPCCBenchmark}
Configuration: /home/wanshenl/config/benchbase/postgres/sample_tpcc_config.xml
Type:          POSTGRES
Driver:        org.postgresql.Driver
URL:           jdbc:postgresql://localhost:15721/noisepage?preferQueryMode=extended&sslmode=disable
Isolation:     TRANSACTION_READ_COMMITTED
Scale Factor:  10.0

[INFO ] 2021-09-23 10:03:24,366 [main]  com.oltpbenchmark.DBWorkload main - ======================================================================
[INFO ] 2021-09-23 10:03:24,753 [main]  com.oltpbenchmark.DBWorkload runWorkload - Creating 10 virtual terminals...
[INFO ] 2021-09-23 10:03:24,841 [main]  com.oltpbenchmark.DBWorkload runWorkload - Launching the TPCC Benchmark with 1 Phase...
[INFO ] 2021-09-23 10:03:24,857 [main]  com.oltpbenchmark.ThreadBench runRateLimitedMultiPhase - [0;1mPHASE START[0;0m :: [Workload=TPCC] [Serial=false] [Time=180] [WarmupTime=0] [Rate=unlimited] [Arrival=REGULAR] [Ratios=[45.0, 43.0, 4.0, 4.0, 4.0]] [ActiveWorkers=10]
[INFO ] 2021-09-23 10:03:25,854 [main]  com.oltpbenchmark.ThreadBench runRateLimitedMultiPhase - [0;1mMEASURE[0;0m :: Warmup complete, starting measurements.
[INFO ] 2021-09-23 10:06:26,854 [main]  com.oltpbenchmark.ThreadBench runRateLimitedMultiPhase - [0;1mTERMINATE[0;0m :: Waiting for all terminals to finish ..
[INFO ] 2021-09-23 10:06:26,860 [Thread-10]  com.oltpbenchmark.ThreadBench run - Starting WatchDogThread
[INFO ] 2021-09-23 10:06:27,182 [main]  com.oltpbenchmark.DBWorkload runWorkload - ======================================================================
[INFO ] 2021-09-23 10:06:27,188 [main]  com.oltpbenchmark.DBWorkload runWorkload - Rate limited reqs/s: Results(nanoSeconds=180999694530, measuredRequests=745871) = 4120.841208803116 requests/sec
[INFO ] 2021-09-23 10:06:27,236 [main]  com.oltpbenchmark.DBWorkload writeOutputs - Output Raw data into file: tpcc_2021-09-23_10-06-27.raw.csv
[INFO ] 2021-09-23 10:06:29,822 [main]  com.oltpbenchmark.DBWorkload writeOutputs - Output samples into file: tpcc_2021-09-23_10-06-27.samples.csv
[INFO ] 2021-09-23 10:06:29,940 [main]  com.oltpbenchmark.DBWorkload writeOutputs - Output summary data into file: tpcc_2021-09-23_10-06-27.summary.json
[INFO ] 2021-09-23 10:06:29,946 [main]  com.oltpbenchmark.DBWorkload writeOutputs - Output DBMS parameters into file: tpcc_2021-09-23_10-06-27.params.json
[INFO ] 2021-09-23 10:06:29,952 [main]  com.oltpbenchmark.DBWorkload writeOutputs - Output DBMS metrics into file: tpcc_2021-09-23_10-06-27.metrics.json
[INFO ] 2021-09-23 10:06:29,962 [main]  com.oltpbenchmark.DBWorkload writeOutputs - Output benchmark config into file: tpcc_2021-09-23_10-06-27.config.xml
[INFO ] 2021-09-23 10:06:30,003 [main]  com.oltpbenchmark.DBWorkload writeOutputs - Output results into file: tpcc_2021-09-23_10-06-27.results.csv with window size 5
[INFO ] 2021-09-23 10:06:30,213 [main]  com.oltpbenchmark.DBWorkload writeHistograms - ======================================================================
[INFO ] 2021-09-23 10:06:30,213 [main]  com.oltpbenchmark.DBWorkload writeHistograms - Workload Histograms:

[0;1mCompleted Transactions:[0;0m
com.oltpbenchmark.benchmarks.tpcc.procedures.NewOrder/01                         [334844] ********************************************************************************
com.oltpbenchmark.benchmarks.tpcc.procedures.Payment/02                          [322219] ****************************************************************************
com.oltpbenchmark.benchmarks.tpcc.procedures.OrderStatus/03                      [ 29844] *******
com.oltpbenchmark.benchmarks.tpcc.procedures.Delivery/04                         [ 29980] *******
com.oltpbenchmark.benchmarks.tpcc.procedures.StockLevel/05                       [ 29972] *******

[0;1mAborted Transactions:[0;0m
com.oltpbenchmark.benchmarks.tpcc.procedures.NewOrder/01                         [3403] ********************************************************************************

[0;1mRejected Transactions (Server Retry):[0;0m
<EMPTY>

[0;1mRejected Transactions (Retry Different):[0;0m
<EMPTY>

[0;1mUnexpected SQL Errors:[0;0m
<EMPTY>

[0;1mUnknown Status Transactions:[0;0m
<EMPTY>


[INFO ] 2021-09-23 10:06:30,213 [main]  com.oltpbenchmark.DBWorkload writeHistograms - ======================================================================
