[INFO ] 2021-09-23 10:15:34,275 [main]  com.oltpbenchmark.DBWorkload main - ======================================================================

Benchmark:     YCSB {com.oltpbenchmark.benchmarks.ycsb.YCSBBenchmark}
Configuration: /home/wanshenl/config/benchbase/postgres/sample_ycsb_config.xml
Type:          POSTGRES
Driver:        org.postgresql.Driver
URL:           jdbc:postgresql://localhost:15721/noisepage?preferQueryMode=extended&sslmode=disable
Isolation:     TRANSACTION_READ_COMMITTED
Scale Factor:  10.0

[INFO ] 2021-09-23 10:15:34,277 [main]  com.oltpbenchmark.DBWorkload main - ======================================================================
[INFO ] 2021-09-23 10:15:34,734 [main]  com.oltpbenchmark.DBWorkload runWorkload - Creating 10 virtual terminals...
[INFO ] 2021-09-23 10:15:34,837 [main]  com.oltpbenchmark.DBWorkload runWorkload - Launching the YCSB Benchmark with 1 Phase...
[INFO ] 2021-09-23 10:15:34,861 [main]  com.oltpbenchmark.ThreadBench runRateLimitedMultiPhase - [0;1mPHASE START[0;0m :: [Workload=YCSB] [Serial=false] [Time=180] [WarmupTime=0] [Rate=unlimited] [Arrival=REGULAR] [Ratios=[50.0, 5.0, 15.0, 10.0, 10.0, 10.0]] [ActiveWorkers=10]
[INFO ] 2021-09-23 10:15:35,852 [main]  com.oltpbenchmark.ThreadBench runRateLimitedMultiPhase - [0;1mMEASURE[0;0m :: Warmup complete, starting measurements.
[INFO ] 2021-09-23 10:18:35,853 [main]  com.oltpbenchmark.ThreadBench runRateLimitedMultiPhase - [0;1mTERMINATE[0;0m :: Waiting for all terminals to finish ..
[INFO ] 2021-09-23 10:18:35,862 [Thread-10]  com.oltpbenchmark.ThreadBench run - Starting WatchDogThread
[INFO ] 2021-09-23 10:18:40,060 [main]  com.oltpbenchmark.DBWorkload runWorkload - ======================================================================
[INFO ] 2021-09-23 10:18:40,066 [main]  com.oltpbenchmark.DBWorkload runWorkload - Rate limited reqs/s: Results(nanoSeconds=180000214098, measuredRequests=20054405) = 111413.22859250326 requests/sec
[INFO ] 2021-09-23 10:18:40,265 [main]  com.oltpbenchmark.DBWorkload writeOutputs - Output Raw data into file: ycsb_2021-09-23_10-18-40.raw.csv
[INFO ] 2021-09-23 10:18:55,867 [Thread-10]  com.oltpbenchmark.ThreadBench run - Worker Thread Status:
YCSBWorker<000>: false
YCSBWorker<001>: false
YCSBWorker<002>: false
YCSBWorker<003>: false
YCSBWorker<004>: false
YCSBWorker<005>: false
YCSBWorker<006>: false
YCSBWorker<007>: false
YCSBWorker<008>: false
YCSBWorker<009>: false

[INFO ] 2021-09-23 10:19:15,871 [Thread-10]  com.oltpbenchmark.ThreadBench run - Worker Thread Status:
YCSBWorker<000>: false
YCSBWorker<001>: false
YCSBWorker<002>: false
YCSBWorker<003>: false
YCSBWorker<004>: false
YCSBWorker<005>: false
YCSBWorker<006>: false
YCSBWorker<007>: false
YCSBWorker<008>: false
YCSBWorker<009>: false

[INFO ] 2021-09-23 10:19:35,875 [Thread-10]  com.oltpbenchmark.ThreadBench run - Worker Thread Status:
YCSBWorker<000>: false
YCSBWorker<001>: false
YCSBWorker<002>: false
YCSBWorker<003>: false
YCSBWorker<004>: false
YCSBWorker<005>: false
YCSBWorker<006>: false
YCSBWorker<007>: false
YCSBWorker<008>: false
YCSBWorker<009>: false

[INFO ] 2021-09-23 10:19:45,837 [main]  com.oltpbenchmark.DBWorkload writeOutputs - Output samples into file: ycsb_2021-09-23_10-18-40.samples.csv
[INFO ] 2021-09-23 10:19:47,191 [main]  com.oltpbenchmark.DBWorkload writeOutputs - Output summary data into file: ycsb_2021-09-23_10-18-40.summary.json
[INFO ] 2021-09-23 10:19:47,200 [main]  com.oltpbenchmark.DBWorkload writeOutputs - Output DBMS parameters into file: ycsb_2021-09-23_10-18-40.params.json
[INFO ] 2021-09-23 10:19:47,207 [main]  com.oltpbenchmark.DBWorkload writeOutputs - Output DBMS metrics into file: ycsb_2021-09-23_10-18-40.metrics.json
[INFO ] 2021-09-23 10:19:47,216 [main]  com.oltpbenchmark.DBWorkload writeOutputs - Output benchmark config into file: ycsb_2021-09-23_10-18-40.config.xml
[INFO ] 2021-09-23 10:19:47,259 [main]  com.oltpbenchmark.DBWorkload writeOutputs - Output results into file: ycsb_2021-09-23_10-18-40.results.csv with window size 5
[INFO ] 2021-09-23 10:19:51,206 [main]  com.oltpbenchmark.DBWorkload writeHistograms - ======================================================================
[INFO ] 2021-09-23 10:19:51,206 [main]  com.oltpbenchmark.DBWorkload writeHistograms - Workload Histograms:

[0;1mCompleted Transactions:[0;0m
com.oltpbenchmark.benchmarks.ycsb.procedures.ReadRecord/01                       [10048464] ********************************************************************************
com.oltpbenchmark.benchmarks.ycsb.procedures.InsertRecord/02                     [ 1005900] ********
com.oltpbenchmark.benchmarks.ycsb.procedures.ScanRecord/03                       [ 3012802] ***********************
com.oltpbenchmark.benchmarks.ycsb.procedures.UpdateRecord/04                     [ 2008008] ***************
com.oltpbenchmark.benchmarks.ycsb.procedures.DeleteRecord/05                     [ 2009332] ***************
com.oltpbenchmark.benchmarks.ycsb.procedures.ReadModifyWriteRecord/06            [ 2009485] ***************

[0;1mAborted Transactions:[0;0m
<EMPTY>

[0;1mRejected Transactions (Server Retry):[0;0m
<EMPTY>

[0;1mRejected Transactions (Retry Different):[0;0m
<EMPTY>

[0;1mUnexpected SQL Errors:[0;0m
<EMPTY>

[0;1mUnknown Status Transactions:[0;0m
<EMPTY>


[INFO ] 2021-09-23 10:19:51,206 [main]  com.oltpbenchmark.DBWorkload writeHistograms - ======================================================================
